# JRE version: OpenJDK Runtime Environment (11.0.10) (build 11.0.10+0-b96-7249189)
# Java VM: OpenJDK 64-Bit Server VM (11.0.10+0-b96-7249189, mixed mode, tiered, compressed oops, g1 gc, windows-amd64)
Heap:
 garbage-first heap   total 776192K, used 278462K [0x0000000080000000, 0x0000000100000000)
  region size 1024K, 6 young (6144K), 6 survivors (6144K)
 Metaspace       used 164738K, capacity 171030K, committed 171136K, reserved 1198080K
  class space    used 20087K, capacity 22345K, committed 22400K, reserved 1048576K
GC Heap History (20 events):
Event: 20182.060 GC heap after
{Heap after GC invocations=429 (full 0):
 garbage-first heap   total 454656K, used 187592K [0x0000000080000000, 0x0000000100000000)
  region size 1024K, 2 young (2048K), 2 survivors (2048K)
 Metaspace       used 164442K, capacity 170675K, committed 170880K, reserved 1198080K
  class space    used 20080K, capacity 22340K, committed 22400K, reserved 1048576K
}
Event: 20182.986 GC heap before
{Heap before GC invocations=429 (full 0):
 garbage-first heap   total 454656K, used 378056K [0x0000000080000000, 0x0000000100000000)
  region size 1024K, 189 young (193536K), 2 survivors (2048K)
 Metaspace       used 164458K, capacity 170677K, committed 170880K, reserved 1198080K
  class space    used 20080K, capacity 22340K, committed 22400K, reserved 1048576K
}
Event: 20183.010 GC heap after
{Heap after GC invocations=430 (full 0):
 garbage-first heap   total 454656K, used 191564K [0x0000000080000000, 0x0000000100000000)
  region size 1024K, 6 young (6144K), 6 survivors (6144K)
 Metaspace       used 164458K, capacity 170677K, committed 170880K, reserved 1198080K
  class space    used 20080K, capacity 22340K, committed 22400K, reserved 1048576K
}
Event: 20184.793 GC heap before
{Heap before GC invocations=431 (full 0):
 garbage-first heap   total 454656K, used 395340K [0x0000000080000000, 0x0000000100000000)
  region size 1024K, 200 young (204800K), 6 survivors (6144K)
 Metaspace       used 164464K, capacity 170677K, committed 170880K, reserved 1198080K
  class space    used 20080K, capacity 22340K, committed 22400K, reserved 1048576K
}
Event: 20184.807 GC heap after
{Heap after GC invocations=432 (full 0):
 garbage-first heap   total 454656K, used 189462K [0x0000000080000000, 0x0000000100000000)
  region size 1024K, 4 young (4096K), 4 survivors (4096K)
 Metaspace       used 164464K, capacity 170677K, committed 170880K, reserved 1198080K
  class space    used 20080K, capacity 22340K, committed 22400K, reserved 1048576K
}
Event: 20184.934 GC heap before
{Heap before GC invocations=432 (full 0):
 garbage-first heap   total 454656K, used 207894K [0x0000000080000000, 0x0000000100000000)
  region size 1024K, 22 young (22528K), 4 survivors (4096K)
 Metaspace       used 164464K, capacity 170677K, committed 170880K, reserved 1198080K
  class space    used 20080K, capacity 22340K, committed 22400K, reserved 1048576K
}
Event: 20184.951 GC heap after
{Heap after GC invocations=433 (full 0):
 garbage-first heap   total 454656K, used 183915K [0x0000000080000000, 0x0000000100000000)
  region size 1024K, 2 young (2048K), 2 survivors (2048K)
 Metaspace       used 164464K, capacity 170677K, committed 170880K, reserved 1198080K
  class space    used 20080K, capacity 22340K, committed 22400K, reserved 1048576K
}
Event: 20186.425 GC heap before
{Heap before GC invocations=433 (full 0):
 garbage-first heap   total 454656K, used 391787K [0x0000000080000000, 0x0000000100000000)
  region size 1024K, 205 young (209920K), 2 survivors (2048K)
 Metaspace       used 164466K, capacity 170741K, committed 170880K, reserved 1198080K
  class space    used 20080K, capacity 22340K, committed 22400K, reserved 1048576K
}
Event: 20186.441 GC heap after
{Heap after GC invocations=434 (full 0):
 garbage-first heap   total 454656K, used 186368K [0x0000000080000000, 0x0000000100000000)
  region size 1024K, 4 young (4096K), 4 survivors (4096K)
 Metaspace       used 164466K, capacity 170741K, committed 170880K, reserved 1198080K
  class space    used 20080K, capacity 22340K, committed 22400K, reserved 1048576K
}
Event: 20188.131 GC heap before
{Heap before GC invocations=435 (full 0):
 garbage-first heap   total 454656K, used 431104K [0x0000000080000000, 0x0000000100000000)
  region size 1024K, 207 young (211968K), 4 survivors (4096K)
 Metaspace       used 164598K, capacity 170820K, committed 170880K, reserved 1198080K
  class space    used 20083K, capacity 22342K, committed 22400K, reserved 1048576K
}
Event: 20188.310 GC heap after
{Heap after GC invocations=436 (full 0):
 garbage-first heap   total 507904K, used 278736K [0x0000000080000000, 0x0000000100000000)
  region size 1024K, 26 young (26624K), 26 survivors (26624K)
 Metaspace       used 164598K, capacity 170820K, committed 170880K, reserved 1198080K
  class space    used 20083K, capacity 22342K, committed 22400K, reserved 1048576K
}
Event: 20188.379 GC heap before
{Heap before GC invocations=436 (full 0):
 garbage-first heap   total 507904K, used 279760K [0x0000000080000000, 0x0000000100000000)
  region size 1024K, 27 young (27648K), 26 survivors (26624K)
 Metaspace       used 164598K, capacity 170820K, committed 170880K, reserved 1198080K
  class space    used 20083K, capacity 22342K, committed 22400K, reserved 1048576K
}
Event: 20188.483 GC heap after
{Heap after GC invocations=437 (full 0):
 garbage-first heap   total 507904K, used 265728K [0x0000000080000000, 0x0000000100000000)
  region size 1024K, 2 young (2048K), 2 survivors (2048K)
 Metaspace       used 164598K, capacity 170820K, committed 170880K, reserved 1198080K
  class space    used 20083K, capacity 22342K, committed 22400K, reserved 1048576K
}
Event: 20189.185 GC heap before
{Heap before GC invocations=437 (full 0):
 garbage-first heap   total 507904K, used 336384K [0x0000000080000000, 0x0000000100000000)
  region size 1024K, 72 young (73728K), 2 survivors (2048K)
 Metaspace       used 164642K, capacity 170952K, committed 171136K, reserved 1198080K
  class space    used 20083K, capacity 22342K, committed 22400K, reserved 1048576K
}
Event: 20189.217 GC heap after
{Heap after GC invocations=438 (full 0):
 garbage-first heap   total 507904K, used 274651K [0x0000000080000000, 0x0000000100000000)
  region size 1024K, 11 young (11264K), 11 survivors (11264K)
 Metaspace       used 164642K, capacity 170952K, committed 171136K, reserved 1198080K
  class space    used 20083K, capacity 22342K, committed 22400K, reserved 1048576K
}
Event: 20191.725 GC heap before
{Heap before GC invocations=439 (full 0):
 garbage-first heap   total 507904K, used 403675K [0x0000000080000000, 0x0000000100000000)
  region size 1024K, 130 young (133120K), 11 survivors (11264K)
 Metaspace       used 164737K, capacity 171030K, committed 171136K, reserved 1198080K
  class space    used 20087K, capacity 22345K, committed 22400K, reserved 1048576K
}
Event: 20191.801 GC heap after
{Heap after GC invocations=440 (full 0):
 garbage-first heap   total 507904K, used 296254K [0x0000000080000000, 0x0000000100000000)
  region size 1024K, 16 young (16384K), 16 survivors (16384K)
 Metaspace       used 164737K, capacity 171030K, committed 171136K, reserved 1198080K
  class space    used 20087K, capacity 22345K, committed 22400K, reserved 1048576K
}
Event: 20191.821 GC heap before
{Heap before GC invocations=440 (full 0):
 garbage-first heap   total 507904K, used 305470K [0x0000000080000000, 0x0000000100000000)
  region size 1024K, 24 young (24576K), 16 survivors (16384K)
 Metaspace       used 164737K, capacity 171030K, committed 171136K, reserved 1198080K
  class space    used 20087K, capacity 22345K, committed 22400K, reserved 1048576K
}
Event: 20191.868 GC heap after
{Heap after GC invocations=441 (full 0):
 garbage-first heap   total 507904K, used 274366K [0x0000000080000000, 0x0000000100000000)
  region size 1024K, 2 young (2048K), 2 survivors (2048K)
 Metaspace       used 164737K, capacity 171030K, committed 171136K, reserved 1198080K
  class space    used 20087K, capacity 22345K, committed 22400K, reserved 1048576K
}
Event: 20192.006 GC heap before
{Heap before GC invocations=441 (full 0):
 garbage-first heap   total 507904K, used 319422K [0x0000000080000000, 0x0000000100000000)
  region size 1024K, 47 young (48128K), 2 survivors (2048K)
 Metaspace       used 164738K, capacity 171030K, committed 171136K, reserved 1198080K
  class space    used 20087K, capacity 22345K, committed 22400K, reserved 1048576K
}

